/home/davide/Documenti/Lavoro/Programmi/Spaceborne/bin/wf_cl_lib.py:71: UserWarning: these global variables should be deleted...
  warnings.warn('these global variables should be deleted...')
/home/davide/Documenti/Lavoro/Programmi/Spaceborne/bin/wf_cl_lib.py:72: UserWarning: RECHECK Ox0 in cosmolib
  warnings.warn('RECHECK Ox0 in cosmolib')
/export/NAS/cosmo/data/davide.sciotti/Spaceborne/jobs/SPV3_magcut_zcut_thesis/bin/main_SPV3_magcut_zcut_thesis.py:397: UserWarning: find a better way to treat with the various ng covariances
  warnings.warn('find a better way to treat with the various ng covariances')
/export/NAS/cosmo/data/davide.sciotti/Spaceborne/jobs/SPV3_magcut_zcut_thesis/bin/main_SPV3_magcut_zcut_thesis.py:542: UserWarning: test shift_nz!!
  warnings.warn('test shift_nz!!')
/home/davide/Documenti/Lavoro/Programmi/Spaceborne/bin/covariance.py:598: UserWarning: z_grid starts at 0, which gives a null comoving distance. Removing the first element from the grid
  warnings.warn('z_grid starts at 0, which gives a null comoving distance. '
/export/NAS/cosmo/data/davide.sciotti/Spaceborne/jobs/SPV3_magcut_zcut_thesis/bin/main_SPV3_magcut_zcut_thesis.py:687: UserWarning: RESTORE THIS CHECK!!! finish understanding this part
  warnings.warn('RESTORE THIS CHECK!!! finish understanding this part')
/export/NAS/cosmo/data/davide.sciotti/Spaceborne/jobs/SPV3_magcut_zcut_thesis/bin/main_SPV3_magcut_zcut_thesis.py:110: UserWarning: the ell cuts are the same for all probes, so no need to define a dictionary!!
  warnings.warn('the ell cuts are the same for all probes, so no need to define a dictionary!!')
/export/NAS/cosmo/data/davide.sciotti/Spaceborne/jobs/SPV3_magcut_zcut_thesis/bin/main_SPV3_magcut_zcut_thesis.py:879: UserWarning: Sijkl is not computed, but set to identity
  warnings.warn('Sijkl is not computed, but set to identity')
{   'BNT_transform': False,
    'EP_or_ED': 'EP',
    'center_or_min': 'center',
    'ell_max_3x2pt': 3000,
    'ell_max_GC': 3000,
    'ell_max_WL': 5000,
    'flat_or_nonflat': 'Flat',
    'idB': 3,
    'idBM': 1,
    'idIA': 2,
    'idM': 3,
    'idR': 1,
    'kmax_h_over_Mpc': 1.0,
    'magcut_lens': 245,
    'magcut_source': 245,
    'nbl_3x2pt': 29,
    'nbl_GC': 29,
    'nbl_WA': 3,
    'nbl_WL': 32,
    'ng_cov_code': 'PyCCL',
    'which_grids': '_densegrids',
    'which_ng_cov': 'GSSC',
    'which_pk': 'HMCodeBar',
    'zbins': 13,
    'zcut_lens': 2,
    'zcut_source': 2,
    'zmax': 25}
Shifting n(z), clipping between redshifts 0 and 3

check: 
ind_ordering = triu, row-major 
block_index = ell
zbins: EP13
nbl_WA: 3 nbl_WL: 32 nbl_GC:  29, nbl_3x2pt:  29
ell_max_WL = 5000 
ell_max_GC = 3000
GL_or_LG: GL

Gauss. cov. matrices computed in 0.67 seconds
SS cov. matrices computed in 5.39 s with PySSC
computing SSC covariance with PyCCL

****************** ccl settings ****************
probe = 3x2pt
which_ng_cov = SSC
integration_method = spline
nbl = 29
f_sky = 0.3563380664078408
zbins = 13
************************************************


0it [00:00, ?it/s]
1it [03:11, 191.03s/it]
2it [05:56, 175.87s/it]
3it [06:31, 111.60s/it]
3it [06:31, 130.47s/it]
Computing trispectrum for SSC,  probe combination LLLL
z points = 500, k points = 2000
Computing trispectrum for SSC,  probe combination LLGL
z points = 500, k points = 2000
Computing trispectrum for SSC,  probe combination LLGG
z points = 500, k points = 2000
Computing trispectrum for SSC,  probe combination GLGL
z points = 500, k points = 2000
Computing trispectrum for SSC,  probe combination GLGG
z points = 500, k points = 2000
Computing trispectrum for SSC,  probe combination GGGG
z points = 500, k points = 2000
trispectrum computed in 391.42 seconds
3x2pt: working on probe combination  L L L L
n_jobs =  1

  0%|          | 0/91 [00:00<?, ?it/s]
  1%|          | 1/91 [00:09<14:47,  9.86s/it]
  2%|▏         | 2/91 [00:17<12:34,  8.48s/it]
  3%|▎         | 3/91 [00:24<11:37,  7.92s/it]
  4%|▍         | 4/91 [00:32<11:37,  8.02s/it]
  5%|▌         | 5/91 [00:43<12:40,  8.85s/it]
  7%|▋         | 6/91 [00:53<13:19,  9.40s/it]
  8%|▊         | 7/91 [01:03<13:25,  9.59s/it]
  9%|▉         | 8/91 [01:14<13:43,  9.92s/it]
 10%|▉         | 9/91 [01:24<13:43, 10.04s/it]
 11%|█         | 10/91 [01:35<14:00, 10.37s/it]
 12%|█▏        | 11/91 [01:44<13:24, 10.05s/it]
 13%|█▎        | 12/91 [01:54<13:07,  9.97s/it]
 14%|█▍        | 13/91 [02:05<13:16, 10.21s/it]
 15%|█▌        | 14/91 [02:14<12:34,  9.79s/it]
 16%|█▋        | 15/91 [02:24<12:23,  9.78s/it]
 18%|█▊        | 16/91 [02:32<11:52,  9.50s/it]
 19%|█▊        | 17/91 [02:41<11:21,  9.21s/it]
 20%|█▉        | 18/91 [02:50<11:01,  9.06s/it]
 21%|██        | 19/91 [02:58<10:35,  8.83s/it]
 22%|██▏       | 20/91 [03:06<10:14,  8.66s/it]
 23%|██▎       | 21/91 [03:15<10:16,  8.81s/it]
 24%|██▍       | 22/91 [03:24<10:13,  8.89s/it]
 25%|██▌       | 23/91 [03:33<10:06,  8.92s/it]
 26%|██▋       | 24/91 [03:42<09:50,  8.81s/it]
 27%|██▋       | 25/91 [03:51<09:37,  8.76s/it]
 29%|██▊       | 26/91 [03:59<09:20,  8.62s/it]
 30%|██▉       | 27/91 [04:07<09:06,  8.55s/it]
 31%|███       | 28/91 [04:16<08:57,  8.53s/it]
 32%|███▏      | 29/91 [04:24<08:45,  8.47s/it]
 33%|███▎      | 30/91 [04:32<08:18,  8.18s/it]
 34%|███▍      | 31/91 [04:40<08:21,  8.35s/it]
 35%|███▌      | 32/91 [04:50<08:27,  8.60s/it]
 36%|███▋      | 33/91 [04:58<08:17,  8.58s/it]
 37%|███▋      | 34/91 [05:06<08:04,  8.50s/it]
 38%|███▊      | 35/91 [05:16<08:10,  8.77s/it]
 40%|███▉      | 36/91 [05:25<08:01,  8.75s/it]
 41%|████      | 37/91 [05:33<07:53,  8.78s/it]
 42%|████▏     | 38/91 [05:42<07:47,  8.82s/it]
 43%|████▎     | 39/91 [05:52<07:52,  9.09s/it]
 44%|████▍     | 40/91 [06:02<07:51,  9.25s/it]
 45%|████▌     | 41/91 [06:12<08:01,  9.63s/it]
 46%|████▌     | 42/91 [06:21<07:47,  9.54s/it]
 47%|████▋     | 43/91 [06:30<07:26,  9.29s/it]
 48%|████▊     | 44/91 [06:39<07:06,  9.08s/it]
 49%|████▉     | 45/91 [06:48<06:53,  9.00s/it]
 51%|█████     | 46/91 [06:56<06:40,  8.90s/it]
 52%|█████▏    | 47/91 [07:06<06:43,  9.16s/it]
 53%|█████▎    | 48/91 [07:15<06:35,  9.20s/it]
 54%|█████▍    | 49/91 [07:25<06:28,  9.26s/it]
 55%|█████▍    | 50/91 [07:36<06:41,  9.79s/it]
 56%|█████▌    | 51/91 [07:46<06:40, 10.01s/it]
 57%|█████▋    | 52/91 [07:56<06:23,  9.82s/it]
 58%|█████▊    | 53/91 [08:06<06:19,  9.99s/it]
 59%|█████▉    | 54/91 [08:16<06:09,  9.98s/it]
 60%|██████    | 55/91 [08:26<06:03, 10.11s/it]
 62%|██████▏   | 56/91 [08:36<05:51, 10.03s/it]
 63%|██████▎   | 57/91 [08:46<05:37,  9.92s/it]
 64%|██████▎   | 58/91 [08:55<05:22,  9.78s/it]
 65%|██████▍   | 59/91 [09:06<05:16,  9.89s/it]
 66%|██████▌   | 60/91 [09:16<05:11, 10.06s/it]
 67%|██████▋   | 61/91 [09:25<04:53,  9.77s/it]
 68%|██████▊   | 62/91 [09:34<04:33,  9.44s/it]
 69%|██████▉   | 63/91 [09:43<04:26,  9.51s/it]
 70%|███████   | 64/91 [09:53<04:15,  9.46s/it]
 71%|███████▏  | 65/91 [10:02<04:07,  9.53s/it]
 73%|███████▎  | 66/91 [10:12<03:54,  9.39s/it]
 74%|███████▎  | 67/91 [10:21<03:47,  9.48s/it]
 75%|███████▍  | 68/91 [10:31<03:39,  9.55s/it]
 76%|███████▌  | 69/91 [10:40<03:28,  9.46s/it]
 77%|███████▋  | 70/91 [10:50<03:20,  9.53s/it]
 78%|███████▊  | 71/91 [10:59<03:07,  9.38s/it]
 79%|███████▉  | 72/91 [11:08<02:56,  9.28s/it]
 80%|████████  | 73/91 [11:17<02:47,  9.29s/it]
 81%|████████▏ | 74/91 [11:26<02:37,  9.24s/it]
 82%|████████▏ | 75/91 [11:36<02:30,  9.41s/it]
 84%|████████▎ | 76/91 [11:46<02:21,  9.41s/it]
 85%|████████▍ | 77/91 [11:56<02:14,  9.61s/it]
 86%|████████▌ | 78/91 [12:05<02:05,  9.64s/it]
 87%|████████▋ | 79/91 [12:15<01:55,  9.64s/it]
 88%|████████▊ | 80/91 [12:25<01:46,  9.71s/it]
 89%|████████▉ | 81/91 [12:35<01:38,  9.88s/it]
 90%|█████████ | 82/91 [12:45<01:27,  9.74s/it]
 91%|█████████ | 83/91 [12:54<01:16,  9.52s/it]
 92%|█████████▏| 84/91 [13:03<01:05,  9.37s/it]
 93%|█████████▎| 85/91 [13:12<00:56,  9.36s/it]
 95%|█████████▍| 86/91 [13:22<00:47,  9.43s/it]
 96%|█████████▌| 87/91 [13:31<00:37,  9.34s/it]
 97%|█████████▋| 88/91 [13:40<00:27,  9.19s/it]
 98%|█████████▊| 89/91 [13:49<00:18,  9.17s/it]
 99%|█████████▉| 90/91 [13:58<00:09,  9.13s/it]
100%|██████████| 91/91 [14:07<00:00,  9.13s/it]
100%|██████████| 91/91 [14:07<00:00,  9.31s/it]
SSC computed with pyccl in 14 min
3x2pt: working on probe combination  L L G L
n_jobs =  1

  0%|          | 0/91 [00:00<?, ?it/s]
  1%|          | 1/91 [00:19<28:55, 19.28s/it]
  2%|▏         | 2/91 [00:35<25:38, 17.29s/it]
  3%|▎         | 3/91 [00:50<24:03, 16.40s/it]
  4%|▍         | 4/91 [01:06<23:29, 16.20s/it]
  5%|▌         | 5/91 [01:24<24:27, 17.06s/it]
  7%|▋         | 6/91 [01:42<24:27, 17.26s/it]
  8%|▊         | 7/91 [02:01<24:47, 17.71s/it]
  9%|▉         | 8/91 [02:19<24:38, 17.82s/it]
 10%|▉         | 9/91 [02:36<24:05, 17.63s/it]
 11%|█         | 10/91 [02:55<24:29, 18.14s/it]
 12%|█▏        | 11/91 [03:16<25:07, 18.85s/it]
 13%|█▎        | 12/91 [03:34<24:37, 18.70s/it]
 14%|█▍        | 13/91 [03:54<24:43, 19.02s/it]
 15%|█▌        | 14/91 [04:08<22:31, 17.56s/it]
 16%|█▋        | 15/91 [04:22<20:58, 16.55s/it]
 18%|█▊        | 16/91 [04:37<20:05, 16.07s/it]
 19%|█▊        | 17/91 [04:53<19:52, 16.11s/it]
 20%|█▉        | 18/91 [05:08<19:08, 15.73s/it]
 21%|██        | 19/91 [05:23<18:37, 15.51s/it]
 22%|██▏       | 20/91 [05:39<18:14, 15.42s/it]
 23%|██▎       | 21/91 [05:52<17:25, 14.94s/it]
 24%|██▍       | 22/91 [06:06<16:39, 14.49s/it]
 25%|██▌       | 23/91 [06:19<15:53, 14.02s/it]
 26%|██▋       | 24/91 [06:32<15:23, 13.78s/it]
 27%|██▋       | 25/91 [06:43<14:22, 13.07s/it]
 29%|██▊       | 26/91 [06:53<13:03, 12.05s/it]
 30%|██▉       | 27/91 [07:02<11:59, 11.25s/it]
 31%|███       | 28/91 [07:13<11:31, 10.97s/it]
 32%|███▏      | 29/91 [07:26<12:04, 11.68s/it]
 33%|███▎      | 30/91 [07:41<12:58, 12.76s/it]
 34%|███▍      | 31/91 [07:56<13:26, 13.45s/it]
 35%|███▌      | 32/91 [08:12<13:52, 14.11s/it]
 36%|███▋      | 33/91 [08:26<13:38, 14.12s/it]
 37%|███▋      | 34/91 [08:40<13:20, 14.04s/it]
 38%|███▊      | 35/91 [08:56<13:36, 14.58s/it]
 40%|███▉      | 36/91 [09:10<13:19, 14.54s/it]
 41%|████      | 37/91 [09:28<14:02, 15.60s/it]
 42%|████▏     | 38/91 [09:45<14:04, 15.93s/it]
 43%|████▎     | 39/91 [10:02<14:02, 16.20s/it]
 44%|████▍     | 40/91 [10:18<13:46, 16.21s/it]
 45%|████▌     | 41/91 [10:33<13:12, 15.86s/it]
 46%|████▌     | 42/91 [10:49<13:03, 15.99s/it]
 47%|████▋     | 43/91 [11:05<12:45, 15.95s/it]
 48%|████▊     | 44/91 [11:21<12:26, 15.89s/it]
 49%|████▉     | 45/91 [11:37<12:10, 15.89s/it]
 51%|█████     | 46/91 [11:55<12:19, 16.43s/it]
 52%|█████▏    | 47/91 [12:11<12:06, 16.52s/it]
 53%|█████▎    | 48/91 [12:29<12:05, 16.88s/it]
 54%|█████▍    | 49/91 [12:47<11:56, 17.06s/it]
 55%|█████▍    | 50/91 [13:05<11:57, 17.51s/it]
 56%|█████▌    | 51/91 [13:23<11:40, 17.52s/it]
 57%|█████▋    | 52/91 [13:39<11:10, 17.18s/it]
 58%|█████▊    | 53/91 [13:55<10:33, 16.66s/it]
 59%|█████▉    | 54/91 [14:09<09:50, 15.95s/it]
 60%|██████    | 55/91 [14:24<09:21, 15.61s/it]
 62%|██████▏   | 56/91 [14:39<09:06, 15.60s/it]
 63%|██████▎   | 57/91 [14:54<08:43, 15.40s/it]
 64%|██████▎   | 58/91 [15:10<08:34, 15.59s/it]
 65%|██████▍   | 59/91 [15:27<08:26, 15.84s/it]
 66%|██████▌   | 60/91 [15:42<08:09, 15.79s/it]
 67%|██████▋   | 61/91 [15:58<07:53, 15.80s/it]
 68%|██████▊   | 62/91 [16:14<07:35, 15.70s/it]
 69%|██████▉   | 63/91 [16:29<07:17, 15.62s/it]
 70%|███████   | 64/91 [16:45<07:06, 15.81s/it]
 71%|███████▏  | 65/91 [17:02<06:56, 16.01s/it]
 73%|███████▎  | 66/91 [17:19<06:46, 16.27s/it]
 74%|███████▎  | 67/91 [17:36<06:37, 16.55s/it]
 75%|███████▍  | 68/91 [17:53<06:23, 16.68s/it]
 76%|███████▌  | 69/91 [18:10<06:07, 16.70s/it]
 77%|███████▋  | 70/91 [18:28<05:59, 17.11s/it]
 78%|███████▊  | 71/91 [18:46<05:49, 17.49s/it]
 79%|███████▉  | 72/91 [19:04<05:32, 17.52s/it]
 80%|████████  | 73/91 [19:22<05:19, 17.77s/it]
 81%|████████▏ | 74/91 [19:40<05:04, 17.92s/it]
 82%|████████▏ | 75/91 [19:59<04:51, 18.20s/it]
 84%|████████▎ | 76/91 [20:17<04:31, 18.11s/it]
 85%|████████▍ | 77/91 [20:36<04:18, 18.47s/it]
 86%|████████▌ | 78/91 [20:55<03:59, 18.43s/it]
 87%|████████▋ | 79/91 [21:14<03:43, 18.64s/it]
 88%|████████▊ | 80/91 [21:33<03:27, 18.88s/it]
 89%|████████▉ | 81/91 [21:50<03:03, 18.37s/it]
 90%|█████████ | 82/91 [22:09<02:46, 18.52s/it]
 91%|█████████ | 83/91 [22:28<02:29, 18.72s/it]
 92%|█████████▏| 84/91 [22:46<02:08, 18.30s/it]
 93%|█████████▎| 85/91 [23:05<01:52, 18.67s/it]
 95%|█████████▍| 86/91 [23:23<01:31, 18.25s/it]
 96%|█████████▌| 87/91 [23:41<01:13, 18.43s/it]
 97%|█████████▋| 88/91 [24:01<00:56, 18.71s/it]
 98%|█████████▊| 89/91 [24:20<00:37, 18.77s/it]
 99%|█████████▉| 90/91 [24:39<00:19, 19.00s/it]
100%|██████████| 91/91 [24:58<00:00, 18.93s/it]
100%|██████████| 91/91 [24:58<00:00, 16.47s/it]
SSC computed with pyccl in 25 min
3x2pt: working on probe combination  L L G G
n_jobs =  1

  0%|          | 0/91 [00:00<?, ?it/s]
  1%|          | 1/91 [00:10<15:22, 10.25s/it]
  2%|▏         | 2/91 [00:18<13:20,  8.99s/it]
  3%|▎         | 3/91 [00:26<12:51,  8.77s/it]
  4%|▍         | 4/91 [00:35<12:52,  8.88s/it]
  5%|▌         | 5/91 [00:45<13:07,  9.15s/it]
  7%|▋         | 6/91 [00:54<13:01,  9.19s/it]
  8%|▊         | 7/91 [01:04<13:10,  9.41s/it]
  9%|▉         | 8/91 [01:13<12:58,  9.38s/it]
 10%|▉         | 9/91 [01:23<13:00,  9.52s/it]
 11%|█         | 10/91 [01:33<12:50,  9.52s/it]
 12%|█▏        | 11/91 [01:42<12:41,  9.51s/it]
 13%|█▎        | 12/91 [01:52<12:32,  9.52s/it]
 14%|█▍        | 13/91 [02:02<12:39,  9.73s/it]
 15%|█▌        | 14/91 [02:10<11:55,  9.30s/it]
 16%|█▋        | 15/91 [02:19<11:26,  9.03s/it]
 18%|█▊        | 16/91 [02:27<11:04,  8.86s/it]
 19%|█▊        | 17/91 [02:36<10:50,  8.78s/it]
 20%|█▉        | 18/91 [02:44<10:16,  8.44s/it]
 21%|██        | 19/91 [02:51<09:48,  8.17s/it]
 22%|██▏       | 20/91 [02:59<09:42,  8.21s/it]
 23%|██▎       | 21/91 [03:08<09:45,  8.37s/it]
 24%|██▍       | 22/91 [03:17<09:42,  8.44s/it]
 25%|██▌       | 23/91 [03:25<09:31,  8.41s/it]
 26%|██▋       | 24/91 [03:33<09:09,  8.20s/it]
 27%|██▋       | 25/91 [03:41<09:03,  8.23s/it]
 29%|██▊       | 26/91 [03:49<08:50,  8.16s/it]
 30%|██▉       | 27/91 [03:57<08:44,  8.20s/it]
 31%|███       | 28/91 [04:05<08:31,  8.11s/it]
 32%|███▏      | 29/91 [04:13<08:12,  7.95s/it]
 33%|███▎      | 30/91 [04:20<07:59,  7.86s/it]
 34%|███▍      | 31/91 [04:28<07:37,  7.63s/it]
 35%|███▌      | 32/91 [04:36<07:52,  8.00s/it]
 36%|███▋      | 33/91 [04:45<07:48,  8.08s/it]
 37%|███▋      | 34/91 [04:52<07:27,  7.86s/it]
 38%|███▊      | 35/91 [05:00<07:21,  7.88s/it]
 40%|███▉      | 36/91 [05:07<06:51,  7.49s/it]
 41%|████      | 37/91 [05:15<06:59,  7.77s/it]
 42%|████▏     | 38/91 [05:23<07:01,  7.95s/it]
 43%|████▎     | 39/91 [05:32<07:05,  8.19s/it]
 44%|████▍     | 40/91 [05:40<06:56,  8.17s/it]
 45%|████▌     | 41/91 [05:49<07:01,  8.44s/it]
 46%|████▌     | 42/91 [05:58<06:51,  8.40s/it]
 47%|████▋     | 43/91 [06:06<06:43,  8.40s/it]
 48%|████▊     | 44/91 [06:15<06:43,  8.59s/it]
 49%|████▉     | 45/91 [06:23<06:30,  8.48s/it]
 51%|█████     | 46/91 [06:32<06:24,  8.54s/it]
 52%|█████▏    | 47/91 [06:42<06:35,  8.98s/it]
 53%|█████▎    | 48/91 [06:51<06:24,  8.94s/it]
 54%|█████▍    | 49/91 [06:59<06:10,  8.83s/it]
 55%|█████▍    | 50/91 [07:08<06:04,  8.88s/it]
 56%|█████▌    | 51/91 [07:19<06:16,  9.41s/it]
 57%|█████▋    | 52/91 [07:29<06:13,  9.56s/it]
 58%|█████▊    | 53/91 [07:38<06:00,  9.48s/it]
 59%|█████▉    | 54/91 [07:47<05:48,  9.41s/it]
 60%|██████    | 55/91 [07:56<05:26,  9.08s/it]
 62%|██████▏   | 56/91 [08:04<05:12,  8.93s/it]
 63%|██████▎   | 57/91 [08:14<05:15,  9.27s/it]
 64%|██████▎   | 58/91 [08:24<05:07,  9.32s/it]
 65%|██████▍   | 59/91 [08:33<04:57,  9.31s/it]
 66%|██████▌   | 60/91 [08:42<04:49,  9.34s/it]
 67%|██████▋   | 61/91 [08:52<04:42,  9.42s/it]
 68%|██████▊   | 62/91 [09:02<04:39,  9.64s/it]
 69%|██████▉   | 63/91 [09:12<04:34,  9.80s/it]
 70%|███████   | 64/91 [09:22<04:20,  9.66s/it]
 71%|███████▏  | 65/91 [09:32<04:12,  9.73s/it]
 73%|███████▎  | 66/91 [09:42<04:04,  9.79s/it]
 74%|███████▎  | 67/91 [09:52<03:56,  9.84s/it]
 75%|███████▍  | 68/91 [10:02<03:51, 10.05s/it]
 76%|███████▌  | 69/91 [10:12<03:38,  9.93s/it]
 77%|███████▋  | 70/91 [10:21<03:25,  9.78s/it]
 78%|███████▊  | 71/91 [10:31<03:13,  9.70s/it]
 79%|███████▉  | 72/91 [10:40<03:02,  9.63s/it]
 80%|████████  | 73/91 [10:50<02:56,  9.81s/it]
 81%|████████▏ | 74/91 [10:59<02:43,  9.60s/it]
 82%|████████▏ | 75/91 [11:09<02:35,  9.71s/it]
 84%|████████▎ | 76/91 [11:19<02:24,  9.66s/it]
 85%|████████▍ | 77/91 [11:29<02:17,  9.80s/it]
 86%|████████▌ | 78/91 [11:39<02:08,  9.89s/it]
 87%|████████▋ | 79/91 [11:49<01:57,  9.76s/it]
 88%|████████▊ | 80/91 [11:59<01:48,  9.82s/it]
 89%|████████▉ | 81/91 [12:09<01:38,  9.84s/it]
 90%|█████████ | 82/91 [12:19<01:29, 10.00s/it]
 91%|█████████ | 83/91 [12:29<01:20, 10.08s/it]
 92%|█████████▏| 84/91 [12:39<01:09,  9.92s/it]
 93%|█████████▎| 85/91 [12:50<01:01, 10.23s/it]
 95%|█████████▍| 86/91 [12:59<00:50, 10.05s/it]
 96%|█████████▌| 87/91 [13:10<00:40, 10.17s/it]
 97%|█████████▋| 88/91 [13:20<00:30, 10.23s/it]
 98%|█████████▊| 89/91 [13:30<00:20, 10.17s/it]
 99%|█████████▉| 90/91 [13:40<00:09, 10.00s/it]
100%|██████████| 91/91 [13:50<00:00, 10.04s/it]
100%|██████████| 91/91 [13:50<00:00,  9.12s/it]
SSC computed with pyccl in 14 min
3x2pt: skipping probe combination  G L L L
3x2pt: working on probe combination  G L G L
n_jobs =  1

  0%|          | 0/169 [00:00<?, ?it/s]
  1%|          | 1/169 [00:18<52:58, 18.92s/it]
  1%|          | 2/169 [00:35<48:50, 17.55s/it]
  2%|▏         | 3/169 [00:51<46:35, 16.84s/it]
  2%|▏         | 4/169 [01:07<45:13, 16.45s/it]
  3%|▎         | 5/169 [01:23<44:40, 16.34s/it]
  4%|▎         | 6/169 [01:41<46:03, 16.96s/it]
  4%|▍         | 7/169 [01:59<46:34, 17.25s/it]
  5%|▍         | 8/169 [02:18<47:40, 17.77s/it]
  5%|▌         | 9/169 [02:36<47:25, 17.78s/it]
  6%|▌         | 10/169 [02:54<47:36, 17.96s/it]
  7%|▋         | 11/169 [03:14<49:13, 18.69s/it]
  7%|▋         | 12/169 [03:33<48:53, 18.68s/it]
  8%|▊         | 13/169 [03:52<48:39, 18.71s/it]
  8%|▊         | 14/169 [04:09<46:52, 18.15s/it]
  9%|▉         | 15/169 [04:26<45:45, 17.83s/it]
  9%|▉         | 16/169 [04:41<43:13, 16.95s/it]
 10%|█         | 17/169 [04:56<41:28, 16.37s/it]
 11%|█         | 18/169 [05:10<39:18, 15.62s/it]
 11%|█         | 19/169 [05:24<38:22, 15.35s/it]
 12%|█▏        | 20/169 [05:38<37:10, 14.97s/it]
 12%|█▏        | 21/169 [05:53<36:23, 14.75s/it]
 13%|█▎        | 22/169 [06:08<36:37, 14.95s/it]
 14%|█▎        | 23/169 [06:23<36:41, 15.08s/it]
 14%|█▍        | 24/169 [06:38<36:01, 14.91s/it]
 15%|█▍        | 25/169 [06:53<35:36, 14.84s/it]
 15%|█▌        | 26/169 [07:07<35:21, 14.83s/it]
 16%|█▌        | 27/169 [07:22<34:46, 14.70s/it]
 17%|█▋        | 28/169 [07:37<35:04, 14.93s/it]
 17%|█▋        | 29/169 [07:54<35:44, 15.32s/it]
 18%|█▊        | 30/169 [08:10<36:23, 15.71s/it]
 18%|█▊        | 31/169 [08:26<35:57, 15.63s/it]
 19%|█▉        | 32/169 [08:46<39:01, 17.09s/it]
 20%|█▉        | 33/169 [09:08<41:48, 18.44s/it]
 20%|██        | 34/169 [09:29<43:24, 19.29s/it]
 21%|██        | 35/169 [09:50<44:24, 19.88s/it]
 21%|██▏       | 36/169 [10:13<46:03, 20.78s/it]
 22%|██▏       | 37/169 [10:36<46:57, 21.35s/it]
 22%|██▏       | 38/169 [10:59<47:39, 21.83s/it]
 23%|██▎       | 39/169 [11:22<48:29, 22.38s/it]
 24%|██▎       | 40/169 [11:48<50:27, 23.47s/it]
 24%|██▍       | 41/169 [12:13<50:37, 23.73s/it]
 25%|██▍       | 42/169 [12:37<50:25, 23.82s/it]
 25%|██▌       | 43/169 [13:02<51:13, 24.39s/it]
 26%|██▌       | 44/169 [13:26<50:15, 24.12s/it]
 27%|██▋       | 45/169 [13:50<49:36, 24.00s/it]
 27%|██▋       | 46/169 [14:12<47:57, 23.40s/it]
 28%|██▊       | 47/169 [14:33<46:26, 22.84s/it]
 28%|██▊       | 48/169 [14:53<44:23, 22.02s/it]
 29%|██▉       | 49/169 [15:13<42:32, 21.27s/it]
 30%|██▉       | 50/169 [15:34<42:05, 21.22s/it]
 30%|███       | 51/169 [15:56<42:26, 21.58s/it]
 31%|███       | 52/169 [16:22<44:18, 22.72s/it]
 31%|███▏      | 53/169 [16:51<47:50, 24.74s/it]
 32%|███▏      | 54/169 [17:18<48:50, 25.49s/it]
 33%|███▎      | 55/169 [17:45<49:08, 25.87s/it]
 33%|███▎      | 56/169 [18:16<51:27, 27.32s/it]
 34%|███▎      | 57/169 [18:49<54:21, 29.12s/it]
 34%|███▍      | 58/169 [19:21<55:13, 29.85s/it]
 35%|███▍      | 59/169 [19:52<55:33, 30.30s/it]
 36%|███▌      | 60/169 [20:23<55:29, 30.55s/it]
 36%|███▌      | 61/169 [20:54<55:00, 30.56s/it]
 37%|███▋      | 62/169 [21:25<54:40, 30.66s/it]
 37%|███▋      | 63/169 [21:56<54:35, 30.90s/it]
 38%|███▊      | 64/169 [22:27<53:49, 30.76s/it]
 38%|███▊      | 65/169 [22:57<53:10, 30.68s/it]
 39%|███▉      | 66/169 [23:28<52:33, 30.62s/it]
 40%|███▉      | 67/169 [23:54<50:04, 29.45s/it]
 40%|████      | 68/169 [24:20<47:31, 28.23s/it]
 41%|████      | 69/169 [24:47<46:27, 27.88s/it]
 41%|████▏     | 70/169 [25:18<47:27, 28.76s/it]
 42%|████▏     | 71/169 [25:49<48:06, 29.45s/it]
 43%|████▎     | 72/169 [26:21<48:53, 30.24s/it]
 43%|████▎     | 73/169 [26:53<49:09, 30.73s/it]
 44%|████▍     | 74/169 [27:24<48:59, 30.95s/it]
 44%|████▍     | 75/169 [27:55<48:24, 30.89s/it]
 45%|████▍     | 76/169 [28:26<48:03, 31.01s/it]
 46%|████▌     | 77/169 [28:57<47:28, 30.97s/it]
 46%|████▌     | 78/169 [29:28<47:13, 31.14s/it]
 47%|████▋     | 79/169 [30:01<47:17, 31.52s/it]
 47%|████▋     | 80/169 [30:29<45:20, 30.56s/it]
 48%|████▊     | 81/169 [30:57<43:34, 29.71s/it]
 49%|████▊     | 82/169 [31:26<42:47, 29.51s/it]
 49%|████▉     | 83/169 [31:55<42:16, 29.50s/it]
 50%|████▉     | 84/169 [32:24<41:29, 29.28s/it]
 50%|█████     | 85/169 [32:54<41:07, 29.38s/it]
 51%|█████     | 86/169 [33:23<40:27, 29.24s/it]
 51%|█████▏    | 87/169 [33:52<39:55, 29.21s/it]
 52%|█████▏    | 88/169 [34:19<38:41, 28.67s/it]
 53%|█████▎    | 89/169 [34:44<36:26, 27.33s/it]
 53%|█████▎    | 90/169 [35:11<35:54, 27.28s/it]
 54%|█████▍    | 91/169 [35:37<35:06, 27.00s/it]
 54%|█████▍    | 92/169 [36:04<34:43, 27.05s/it]
 55%|█████▌    | 93/169 [36:32<34:27, 27.20s/it]
 56%|█████▌    | 94/169 [36:59<34:06, 27.29s/it]
 56%|█████▌    | 95/169 [37:28<34:18, 27.82s/it]
 57%|█████▋    | 96/169 [37:59<34:45, 28.57s/it]
 57%|█████▋    | 97/169 [38:29<34:51, 29.04s/it]
 58%|█████▊    | 98/169 [39:00<35:04, 29.65s/it]
 59%|█████▊    | 99/169 [39:30<34:40, 29.72s/it]
 59%|█████▉    | 100/169 [39:59<34:11, 29.73s/it]
 60%|█████▉    | 101/169 [40:30<33:49, 29.84s/it]
 60%|██████    | 102/169 [41:00<33:27, 29.96s/it]
 61%|██████    | 103/169 [41:30<33:01, 30.02s/it]
 62%|██████▏   | 104/169 [42:01<32:52, 30.34s/it]
 62%|██████▏   | 105/169 [42:34<33:17, 31.20s/it]
 63%|██████▎   | 106/169 [43:03<31:50, 30.33s/it]
 63%|██████▎   | 107/169 [43:29<30:08, 29.17s/it]
 64%|██████▍   | 108/169 [43:57<29:11, 28.71s/it]
 64%|██████▍   | 109/169 [44:27<29:06, 29.11s/it]
 65%|██████▌   | 110/169 [44:57<28:52, 29.36s/it]
 66%|██████▌   | 111/169 [45:28<28:52, 29.88s/it]
 66%|██████▋   | 112/169 [45:58<28:24, 29.90s/it]
 67%|██████▋   | 113/169 [46:29<28:15, 30.28s/it]
 67%|██████▋   | 114/169 [47:00<28:03, 30.61s/it]
 68%|██████▊   | 115/169 [47:33<28:06, 31.23s/it]
 69%|██████▊   | 116/169 [48:06<27:58, 31.67s/it]
 69%|██████▉   | 117/169 [48:37<27:16, 31.47s/it]
 70%|██████▉   | 118/169 [49:08<26:40, 31.39s/it]
 70%|███████   | 119/169 [49:34<24:58, 29.97s/it]
 71%|███████   | 120/169 [50:00<23:24, 28.66s/it]
 72%|███████▏  | 121/169 [50:29<22:59, 28.74s/it]
 72%|███████▏  | 122/169 [50:58<22:38, 28.91s/it]
 73%|███████▎  | 123/169 [51:27<22:05, 28.82s/it]
 73%|███████▎  | 124/169 [51:55<21:20, 28.46s/it]
 74%|███████▍  | 125/169 [52:22<20:44, 28.28s/it]
 75%|███████▍  | 126/169 [52:53<20:45, 28.96s/it]
 75%|███████▌  | 127/169 [53:26<21:12, 30.30s/it]
 76%|███████▌  | 128/169 [54:00<21:20, 31.24s/it]
 76%|███████▋  | 129/169 [54:35<21:37, 32.45s/it]
 77%|███████▋  | 130/169 [55:10<21:32, 33.14s/it]
 78%|███████▊  | 131/169 [55:42<20:51, 32.93s/it]
 78%|███████▊  | 132/169 [56:10<19:20, 31.35s/it]
 79%|███████▊  | 133/169 [56:37<17:57, 29.92s/it]
 79%|███████▉  | 134/169 [57:05<17:07, 29.36s/it]
 80%|███████▉  | 135/169 [57:35<16:48, 29.65s/it]
 80%|████████  | 136/169 [58:06<16:29, 29.98s/it]
 81%|████████  | 137/169 [58:38<16:21, 30.68s/it]
 82%|████████▏ | 138/169 [59:09<15:58, 30.93s/it]
 82%|████████▏ | 139/169 [59:42<15:40, 31.36s/it]
 83%|████████▎ | 140/169 [1:00:14<15:12, 31.45s/it]
 83%|████████▎ | 141/169 [1:00:47<14:53, 31.91s/it]
 84%|████████▍ | 142/169 [1:01:20<14:32, 32.32s/it]
 85%|████████▍ | 143/169 [1:01:51<13:55, 32.13s/it]
 85%|████████▌ | 144/169 [1:02:23<13:16, 31.86s/it]
 86%|████████▌ | 145/169 [1:02:49<12:03, 30.15s/it]
 86%|████████▋ | 146/169 [1:03:15<11:05, 28.93s/it]
 87%|████████▋ | 147/169 [1:03:42<10:26, 28.46s/it]
 88%|████████▊ | 148/169 [1:04:11<10:00, 28.59s/it]
 88%|████████▊ | 149/169 [1:04:40<09:31, 28.57s/it]
 89%|████████▉ | 150/169 [1:05:08<09:01, 28.52s/it]
 89%|████████▉ | 151/169 [1:05:34<08:21, 27.83s/it]
 90%|████████▉ | 152/169 [1:06:00<07:42, 27.21s/it]
 91%|█████████ | 153/169 [1:06:24<06:58, 26.14s/it]
 91%|█████████ | 154/169 [1:06:49<06:28, 25.91s/it]
 92%|█████████▏| 155/169 [1:07:18<06:14, 26.78s/it]
 92%|█████████▏| 156/169 [1:07:47<05:55, 27.37s/it]
 93%|█████████▎| 157/169 [1:08:14<05:28, 27.36s/it]
 93%|█████████▎| 158/169 [1:08:40<04:56, 26.95s/it]
 94%|█████████▍| 159/169 [1:09:07<04:28, 26.85s/it]
 95%|█████████▍| 160/169 [1:09:34<04:03, 27.02s/it]
 95%|█████████▌| 161/169 [1:10:04<03:42, 27.78s/it]
 96%|█████████▌| 162/169 [1:10:33<03:18, 28.37s/it]
 96%|█████████▋| 163/169 [1:11:02<02:50, 28.48s/it]
 97%|█████████▋| 164/169 [1:11:32<02:24, 28.87s/it]
 98%|█████████▊| 165/169 [1:12:02<01:57, 29.34s/it]
 98%|█████████▊| 166/169 [1:12:34<01:30, 30.01s/it]
 99%|█████████▉| 167/169 [1:13:06<01:01, 30.61s/it]
 99%|█████████▉| 168/169 [1:13:37<00:30, 30.78s/it]
100%|██████████| 169/169 [1:14:08<00:00, 30.90s/it]
100%|██████████| 169/169 [1:14:08<00:00, 26.32s/it]
SSC computed with pyccl in 74 min
3x2pt: working on probe combination  G L G G
n_jobs =  1

  0%|          | 0/169 [00:00<?, ?it/s]
  1%|          | 1/169 [00:16<46:46, 16.71s/it]
  1%|          | 2/169 [00:29<40:54, 14.70s/it]
  2%|▏         | 3/169 [00:43<38:58, 14.09s/it]
  2%|▏         | 4/169 [00:57<38:37, 14.05s/it]
  3%|▎         | 5/169 [01:12<39:27, 14.43s/it]
  4%|▎         | 6/169 [01:27<39:50, 14.67s/it]
  4%|▍         | 7/169 [01:42<40:01, 14.83s/it]
  5%|▍         | 8/169 [01:58<40:21, 15.04s/it]
  5%|▌         | 9/169 [02:13<40:15, 15.10s/it]
  6%|▌         | 10/169 [02:28<40:05, 15.13s/it]
  7%|▋         | 11/169 [02:44<40:16, 15.29s/it]
  7%|▋         | 12/169 [03:00<40:38, 15.53s/it]
  8%|▊         | 13/169 [03:16<40:29, 15.57s/it]
  8%|▊         | 14/169 [03:28<37:45, 14.61s/it]
  9%|▉         | 15/169 [03:41<36:01, 14.03s/it]
  9%|▉         | 16/169 [03:53<34:47, 13.65s/it]
 10%|█         | 17/169 [04:06<33:25, 13.19s/it]
 11%|█         | 18/169 [04:18<32:23, 12.87s/it]
 11%|█         | 19/169 [04:29<30:45, 12.30s/it]
 12%|█▏        | 20/169 [04:40<29:51, 12.03s/it]
 12%|█▏        | 21/169 [04:51<29:08, 11.81s/it]
 13%|█▎        | 22/169 [05:03<29:00, 11.84s/it]
 14%|█▎        | 23/169 [05:15<28:39, 11.78s/it]
 14%|█▍        | 24/169 [05:27<28:28, 11.78s/it]
 15%|█▍        | 25/169 [05:39<28:23, 11.83s/it]
 15%|█▌        | 26/169 [05:49<27:27, 11.52s/it]
 16%|█▌        | 27/169 [06:00<26:23, 11.15s/it]
 17%|█▋        | 28/169 [06:10<25:37, 10.91s/it]
 17%|█▋        | 29/169 [06:20<24:55, 10.68s/it]
 18%|█▊        | 30/169 [06:31<24:50, 10.72s/it]
 18%|█▊        | 31/169 [06:42<24:30, 10.66s/it]
 19%|█▉        | 32/169 [06:52<24:03, 10.54s/it]
 20%|█▉        | 33/169 [07:02<23:36, 10.42s/it]
 20%|██        | 34/169 [07:12<23:12, 10.31s/it]
 21%|██        | 35/169 [07:22<22:39, 10.14s/it]
 21%|██▏       | 36/169 [07:31<22:05,  9.97s/it]
 22%|██▏       | 37/169 [07:41<21:44,  9.88s/it]
 22%|██▏       | 38/169 [07:51<21:27,  9.83s/it]
 23%|██▎       | 39/169 [08:00<21:13,  9.80s/it]
 24%|██▎       | 40/169 [08:11<21:18,  9.91s/it]
 24%|██▍       | 41/169 [08:20<20:34,  9.64s/it]
 25%|██▍       | 42/169 [08:28<19:47,  9.35s/it]
 25%|██▌       | 43/169 [08:38<19:47,  9.42s/it]
 26%|██▌       | 44/169 [08:47<19:30,  9.36s/it]
 27%|██▋       | 45/169 [08:56<19:04,  9.23s/it]
 27%|██▋       | 46/169 [09:04<18:27,  9.00s/it]
 28%|██▊       | 47/169 [09:14<18:31,  9.11s/it]
 28%|██▊       | 48/169 [09:23<18:22,  9.11s/it]
 29%|██▉       | 49/169 [09:31<17:47,  8.90s/it]
 30%|██▉       | 50/169 [09:40<17:45,  8.95s/it]
 30%|███       | 51/169 [09:52<19:01,  9.68s/it]
 31%|███       | 52/169 [10:03<20:00, 10.26s/it]
 31%|███▏      | 53/169 [10:16<20:57, 10.84s/it]
 32%|███▏      | 54/169 [10:27<21:04, 10.99s/it]
 33%|███▎      | 55/169 [10:38<20:43, 10.91s/it]
 33%|███▎      | 56/169 [10:49<20:57, 11.13s/it]
 34%|███▎      | 57/169 [11:02<21:39, 11.60s/it]
 34%|███▍      | 58/169 [11:15<22:09, 11.98s/it]
 35%|███▍      | 59/169 [11:27<22:11, 12.10s/it]
 36%|███▌      | 60/169 [11:39<21:34, 11.87s/it]
 36%|███▌      | 61/169 [11:51<21:25, 11.91s/it]
 37%|███▋      | 62/169 [12:04<21:47, 12.22s/it]
 37%|███▋      | 63/169 [12:16<21:58, 12.44s/it]
 38%|███▊      | 64/169 [12:30<22:17, 12.73s/it]
 38%|███▊      | 65/169 [12:41<21:27, 12.38s/it]
 39%|███▉      | 66/169 [12:54<21:08, 12.31s/it]
 40%|███▉      | 67/169 [13:05<20:36, 12.12s/it]
 40%|████      | 68/169 [13:17<20:15, 12.03s/it]
 41%|████      | 69/169 [13:30<20:16, 12.16s/it]
 41%|████▏     | 70/169 [13:42<20:14, 12.26s/it]
 42%|████▏     | 71/169 [13:55<20:25, 12.50s/it]
 43%|████▎     | 72/169 [14:09<20:45, 12.84s/it]
 43%|████▎     | 73/169 [14:22<20:39, 12.91s/it]
 44%|████▍     | 74/169 [14:34<20:05, 12.69s/it]
 44%|████▍     | 75/169 [14:47<20:04, 12.81s/it]
 45%|████▍     | 76/169 [15:01<20:08, 13.00s/it]
 46%|████▌     | 77/169 [15:14<20:03, 13.09s/it]
 46%|████▌     | 78/169 [15:27<20:01, 13.20s/it]
 47%|████▋     | 79/169 [15:41<19:53, 13.26s/it]
 47%|████▋     | 80/169 [15:52<18:55, 12.76s/it]
 48%|████▊     | 81/169 [16:04<18:15, 12.45s/it]
 49%|████▊     | 82/169 [16:16<17:53, 12.34s/it]
 49%|████▉     | 83/169 [16:29<17:58, 12.54s/it]
 50%|████▉     | 84/169 [16:43<18:23, 12.99s/it]
 50%|█████     | 85/169 [16:57<18:36, 13.29s/it]
 51%|█████     | 86/169 [17:12<18:52, 13.65s/it]
 51%|█████▏    | 87/169 [17:25<18:40, 13.67s/it]
 52%|█████▏    | 88/169 [17:39<18:15, 13.53s/it]
 53%|█████▎    | 89/169 [17:53<18:22, 13.78s/it]
 53%|█████▎    | 90/169 [18:05<17:36, 13.38s/it]
 54%|█████▍    | 91/169 [18:19<17:24, 13.39s/it]
 54%|█████▍    | 92/169 [18:33<17:34, 13.69s/it]
 55%|█████▌    | 93/169 [18:45<16:47, 13.25s/it]
 56%|█████▌    | 94/169 [18:57<15:57, 12.77s/it]
 56%|█████▌    | 95/169 [19:10<15:44, 12.77s/it]
 57%|█████▋    | 96/169 [19:23<15:45, 12.95s/it]
 57%|█████▋    | 97/169 [19:36<15:37, 13.02s/it]
 58%|█████▊    | 98/169 [19:51<15:51, 13.40s/it]
 59%|█████▊    | 99/169 [20:04<15:38, 13.41s/it]
 59%|█████▉    | 100/169 [20:18<15:31, 13.50s/it]
 60%|█████▉    | 101/169 [20:32<15:22, 13.57s/it]
 60%|██████    | 102/169 [20:45<15:13, 13.63s/it]
 61%|██████    | 103/169 [20:59<14:54, 13.55s/it]
 62%|██████▏   | 104/169 [21:12<14:45, 13.62s/it]
 62%|██████▏   | 105/169 [21:28<15:04, 14.14s/it]
 63%|██████▎   | 106/169 [21:39<13:54, 13.25s/it]
 63%|██████▎   | 107/169 [21:51<13:13, 12.79s/it]
 64%|██████▍   | 108/169 [22:02<12:37, 12.41s/it]
 64%|██████▍   | 109/169 [22:15<12:40, 12.67s/it]
 65%|██████▌   | 110/169 [22:28<12:16, 12.47s/it]
 66%|██████▌   | 111/169 [22:40<12:04, 12.49s/it]
 66%|██████▋   | 112/169 [22:52<11:45, 12.38s/it]
 67%|██████▋   | 113/169 [23:05<11:42, 12.55s/it]
 67%|██████▋   | 114/169 [23:18<11:41, 12.76s/it]